<?xml version="1.0" encoding="UTF-8"?>
<coverage generated="1692727994776" clover="3.2.0">
  <project timestamp="1692727994777" name="All files">
    <metrics statements="13" coveredstatements="11" conditionals="8" coveredconditionals="7" methods="3" coveredmethods="2" elements="24" coveredelements="20" complexity="0" loc="13" ncloc="13" packages="1" files="1" classes="1"/>
    <file name="RateManager.js" path="C:\bmoros\Docencia\ProgramacionWeb\workspace\transparencias\RateManager.js">
      <metrics statements="13" coveredstatements="11" conditionals="8" coveredconditionals="7" methods="3" coveredmethods="2"/>
      <line num="3" count="3" type="stmt"/>
      <line num="7" count="0" type="stmt"/>
      <line num="11" count="4" type="cond" truecount="2" falsecount="0"/>
      <line num="12" count="1" type="stmt"/>
      <line num="14" count="3" type="stmt"/>
      <line num="15" count="3" type="cond" truecount="2" falsecount="0"/>
      <line num="16" count="1" type="stmt"/>
      <line num="18" count="3" type="cond" truecount="2" falsecount="0"/>
      <line num="19" count="1" type="stmt"/>
      <line num="21" count="3" type="cond" truecount="1" falsecount="1"/>
      <line num="22" count="0" type="stmt"/>
      <line num="24" count="3" type="stmt"/>
      <line num="27" count="1" type="stmt"/>
    </file>
  </project>
</coverage>
